[2020-08-12T18:05:58.144] [ERROR] myLog - null
[2020-08-12T18:06:41.547] [ERROR] cheese - null
[2020-08-12T18:09:05.902] [ERROR] cheese - null
[2020-08-12T18:10:25.516] [ERROR] cheese - '8/12/2020, 6:10:25 PM__Герасимов: ушел с ТТ'
[2020-08-12T18:10:27.180] [ERROR] cheese - null
[2020-08-12T18:10:48.134] [ERROR] cheese - '8/12/2020, 6:10:48 PM__Герасимов: ушел с ТТ'
[2020-08-12T18:10:52.658] [ERROR] cheese - null
[2020-08-12T18:14:08.419] [ERROR] myLog - '8/12/2020, 6:14:08 PM__Герасимов: ушел с ТТ'
[2020-08-12T18:14:10.211] [ERROR] myLog - null
[2020-08-12T18:15:07.184] [ERROR] myLog - '8/12/2020, 6:15:07 PM__Герасимов: ушел с ТТ'
[2020-08-12T18:15:08.508] [ERROR] myLog - null
[2020-08-12T18:18:04.199] [ERROR] error - '8/12/2020, 6:18:04 PM__Герасимов: ушел с ТТ'
[2020-08-12T18:18:05.781] [ERROR] error - null
[2020-08-12T18:30:47.880] [INFO] error - '8/12/2020, 6:30:47 PM__Герасимов: ушел с ТТ'
[2020-08-12T18:30:49.477] [INFO] error - '8/12/2020, 6:30:49 PM__Герасимов: ушел с ТТ'
[2020-08-12T18:30:49.479] [ERROR] error - null
[2020-08-12T18:32:10.428] [INFO] error - '8/12/2020, 6:32:10 PM__Герасимов: ушел с ТТ'
[2020-08-12T18:32:12.226] [INFO] error - '8/12/2020, 6:32:12 PM__Герасимов: ушел с ТТ'
[2020-08-12T18:32:12.228] [ERROR] error - null
[2020-08-12T18:33:09.296] [INFO] info - '8/12/2020, 6:33:09 PM__Герасимов: ушел с ТТ'
[2020-08-12T18:33:10.757] [INFO] info - '8/12/2020, 6:33:10 PM__Герасимов: ушел с ТТ'
[2020-08-12T18:33:10.759] [ERROR] info - null
[2020-08-12T18:33:39.581] [INFO] info - '8/12/2020, 6:33:39 PM__Герасимов: ушел с ТТ'
[2020-08-12T18:33:55.547] [INFO] info - '8/12/2020, 6:33:55 PM__Герасимов: ушел с ТТ'
[2020-08-12T18:33:55.550] [ERROR] info - null
[2020-08-12T18:34:30.953] [INFO] info - '8/12/2020, 6:34:30 PM__Герасимов: ушел с ТТ'
[2020-08-12T18:34:33.224] [INFO] info - '8/12/2020, 6:34:33 PM__Герасимов: ушел с ТТ'
[2020-08-12T18:34:33.226] [ERROR] info - null
[2020-08-12T18:36:02.808] [INFO] info - '8/12/2020, 6:36:02 PM__Герасимов: ушел с ТТ'
[2020-08-12T18:36:04.478] [INFO] info - '8/12/2020, 6:36:04 PM__Герасимов: ушел с ТТ'
[2020-08-12T18:36:04.480] [ERROR] info - null
[2020-08-12T18:38:07.734] [INFO] info - '8/12/2020, 6:38:07 PM__Герасимов: ушел с ТТ'
[2020-08-12T18:38:11.144] [INFO] info - '8/12/2020, 6:38:11 PM__Герасимов: ушел с ТТ'
[2020-09-03T11:13:57.894] [INFO] info - '03.09.2020, 11:13:57__Герасимов: ушел с ТТ'
[2020-09-03T11:14:04.482] [INFO] info - '03.09.2020, 11:14:04__Герасимов: ушел с ТТ'
[2020-09-03T19:05:43.717] [INFO] info - '03.09.2020, 19:05:43__Герасимов: ушел с ТТ'
[2020-09-03T19:05:46.499] [INFO] info - '03.09.2020, 19:05:46__Герасимов: ушел с ТТ'
[2020-09-03T19:10:42.190] [INFO] info - '03.09.2020, 19:10:42__Герасимов: прибыл(ла) на ТТ'
[2020-09-03T19:10:45.406] [INFO] info - '03.09.2020, 19:10:45__Герасимов: Покинул(ла) ТТ'
[2020-09-04T09:45:01.405] [INFO] info - '04.09.2020, 09:45:01__Герасимов: прибыл(ла) на ТТ'
[2020-09-04T09:45:13.549] [INFO] info - '04.09.2020, 09:45:13__Герасимов: Покинул(ла) ТТ'
[2020-09-04T09:45:15.677] [INFO] info - '04.09.2020, 09:45:15__Герасимов: прибыл(ла) на ТТ'
[2020-09-04T09:59:30.359] [INFO] info - '04.09.2020, 09:59:30__Герасимов: прибыл(ла) на ТТ'
[2020-09-04T09:59:32.912] [INFO] info - '04.09.2020, 09:59:32__Герасимов: Покинул(ла) ТТ'
[2020-09-04T11:31:40.658] [INFO] info - '04.09.2020, 11:31:40__Стадник: прибыл(ла) на ТТ'
[2020-09-04T11:32:01.495] [INFO] info - '04.09.2020, 11:32:01__Герасимов: прибыл(ла) на ТТ'
[2020-09-04T11:32:03.122] [INFO] info - '04.09.2020, 11:32:03__Герасимов: Покинул(ла) ТТ'
[2020-09-04T15:08:34.083] [INFO] info - "Fri Sep 04 2020 15:08:34 GMT+0300 (Восточная Европа, летнее время)"
[2020-09-04T15:08:59.383] [INFO] info - "Fri Sep 04 2020 15:08:59 GMT+0300 (Восточная Европа, летнее время)"
[2020-09-04T15:09:06.698] [INFO] info - "Fri Sep 04 2020 15:09:06 GMT+0300 (Восточная Европа, летнее время)"
[2020-09-04T15:10:02.724] [INFO] info - "Fri Sep 04 2020 15:10:02 GMT+0300 (Восточная Европа, летнее время)"
[2020-09-04T15:11:41.994] [INFO] info - "Fri Sep 04 2020 15:11:41 GMT+0300 (Восточная Европа, летнее время)"
[2020-09-04T15:14:10.136] [INFO] info - "Fri Sep 04 2020 15:14:10 GMT+0300 (Восточная Европа, летнее время)"
[2020-09-04T15:17:49.535] [INFO] info - "Fri Sep 04 2020 15:17:49 GMT+0300 (Восточная Европа, летнее время)"
[2020-09-04T15:29:24.834] [INFO] info - "Fri Sep 04 2020 15:29:24 GMT+0300 (Восточная Европа, летнее время)"
[2020-09-04T15:58:47.327] [INFO] info - "Fri Sep 04 2020 15:58:47 GMT+0300 (Восточная Европа, летнее время)"
[2020-09-04T17:47:01.642] [INFO] info - "Fri Sep 04 2020 17:47:01 GMT+0300 (Восточная Европа, летнее время)"
[2020-09-04T17:47:29.944] [INFO] info - "Fri Sep 04 2020 17:47:29 GMT+0300 (Восточная Европа, летнее время)"
[2020-09-04T17:48:14.677] [INFO] info - "Fri Sep 04 2020 17:48:14 GMT+0300 (Восточная Европа, летнее время)"
[2020-09-04T17:49:57.584] [INFO] info - "Fri Sep 04 2020 17:49:57 GMT+0300 (Восточная Европа, летнее время)"
[2020-09-04T17:51:12.691] [INFO] info - "Fri Sep 04 2020 17:51:12 GMT+0300 (Восточная Европа, летнее время)"
[2020-09-04T17:52:03.781] [INFO] info - "Fri Sep 04 2020 17:52:03 GMT+0300 (Восточная Европа, летнее время)"
[2020-09-04T17:53:14.910] [INFO] info - "Fri Sep 04 2020 17:53:14 GMT+0300 (Восточная Европа, летнее время)"
[2020-09-04T17:55:02.932] [INFO] info - "Fri Sep 04 2020 17:55:02 GMT+0300 (Восточная Европа, летнее время)"
[2020-09-04T17:57:09.093] [INFO] info - "Fri Sep 04 2020 17:57:09 GMT+0300 (Восточная Европа, летнее время)"
[2020-09-04T17:57:20.566] [INFO] info - "Fri Sep 04 2020 17:57:20 GMT+0300 (Восточная Европа, летнее время)"
[2020-09-04T18:06:19.050] [INFO] info - "Fri Sep 04 2020 18:06:19 GMT+0300 (Восточная Европа, летнее время)"
[2020-09-04T18:07:45.804] [INFO] info - "Fri Sep 04 2020 18:07:45 GMT+0300 (Восточная Европа, летнее время)"
[2020-09-04T18:08:08.629] [INFO] info - "Fri Sep 04 2020 18:08:08 GMT+0300 (Восточная Европа, летнее время)"
[2020-09-04T18:08:28.605] [INFO] info - "Fri Sep 04 2020 18:08:28 GMT+0300 (Восточная Европа, летнее время)"
[2020-09-04T18:08:52.744] [INFO] info - "Fri Sep 04 2020 18:08:52 GMT+0300 (Восточная Европа, летнее время)"
[2020-09-04T18:12:08.070] [INFO] info - "Fri Sep 04 2020 18:12:08 GMT+0300 (Восточная Европа, летнее время)"
[2020-09-04T18:20:33.768] [INFO] info - "Fri Sep 04 2020 18:20:33 GMT+0300 (Восточная Европа, летнее время)"
[2020-09-04T18:21:02.226] [INFO] info - "Fri Sep 04 2020 18:21:02 GMT+0300 (Восточная Европа, летнее время)"
[2020-09-04T18:22:09.496] [INFO] info - "Fri Sep 04 2020 18:22:09 GMT+0300 (Восточная Европа, летнее время)"
[2020-09-04T20:17:34.594] [INFO] info - '04.09.2020, 20:17:34__Герасимов: прибыл(ла) на ТТ'
[2020-09-04T20:17:37.270] [INFO] info - '04.09.2020, 20:17:37__Герасимов: Покинул(ла) ТТ'
[2020-09-04T20:17:39.869] [INFO] info - '04.09.2020, 20:17:39__Герасимов: прибыл(ла) на ТТ'
[2020-09-04T20:17:49.638] [INFO] info - '04.09.2020, 20:17:49__Герасимов: Покинул(ла) ТТ'
[2020-09-04T20:30:34.104] [INFO] info - '04.09.2020, 20:30:34__Герасимов: прибыл(ла) на ТТ'
[2020-09-04T20:30:36.347] [INFO] info - '04.09.2020, 20:30:36__Герасимов: Покинул(ла) ТТ'
[2020-09-04T23:08:42.625] [INFO] info - '04.09.2020, 23:08:42__Герасимов: прибыл(ла) на ТТ'
[2020-09-04T23:09:02.074] [INFO] info - '04.09.2020, 23:09:02__Герасимов: Покинул(ла) ТТ'
[2020-09-04T23:09:07.203] [INFO] info - '04.09.2020, 23:09:07__Герасимов: прибыл(ла) на ТТ'
[2020-09-04T23:12:38.340] [INFO] info - '04.09.2020, 23:12:38__Герасимов: прибыл(ла) на ТТ'
